<?xml version="1.0" encoding="UTF-8"?>
<testng-results ignored="0" total="1" passed="1" failed="0" skipped="0">
  <reporter-output>
  </reporter-output>
  <suite started-at="2022-06-27T10:01:24 IST" name="Default suite" finished-at="2022-06-27T10:01:48 IST" duration-ms="23840">
    <groups>
    </groups>
    <test started-at="2022-06-27T10:01:24 IST" name="Default test" finished-at="2022-06-27T10:01:48 IST" duration-ms="23840">
      <class name="TestCases.TC01_Add_Skills">
        <test-method is-config="true" signature="TestSetup()[pri:0, instance:TestCases.TC01_Add_Skills@7bab3f1a]" started-at="2022-06-27T10:01:24 IST" name="TestSetup" finished-at="2022-06-27T10:01:30 IST" duration-ms="6503" status="PASS">
          <reporter-output>
          </reporter-output>
        </test-method> <!-- TestSetup -->
        <test-method signature="Test1_Nationality()[pri:0, instance:TestCases.TC01_Add_Skills@7bab3f1a]" started-at="2022-06-27T10:01:30 IST" name="Test1_Nationality" finished-at="2022-06-27T10:01:47 IST" duration-ms="16154" status="PASS">
          <reporter-output>
          </reporter-output>
        </test-method> <!-- Test1_Nationality -->
        <test-method is-config="true" signature="TestCloser()[pri:0, instance:TestCases.TC01_Add_Skills@7bab3f1a]" started-at="2022-06-27T10:01:47 IST" name="TestCloser" finished-at="2022-06-27T10:01:48 IST" duration-ms="1137" status="PASS">
          <reporter-output>
          </reporter-output>
        </test-method> <!-- TestCloser -->
      </class> <!-- TestCases.TC01_Add_Skills -->
    </test> <!-- Default test -->
  </suite> <!-- Default suite -->
</testng-results>
